17:33:04: Creating resource group General
17:33:04: Creating resource group Internal
17:33:04: Creating resource group Autodetect
17:33:04: SceneManagerFactory for type 'DefaultSceneManager' registered.
17:33:04: Registering ResourceManager for type Material
17:33:04: Registering ResourceManager for type Mesh
17:33:04: Registering ResourceManager for type Skeleton
17:33:04: MovableObjectFactory for type 'ParticleSystem' registered.
17:33:04: OverlayElementFactory for type Panel registered.
17:33:04: OverlayElementFactory for type BorderPanel registered.
17:33:04: OverlayElementFactory for type TextArea registered.
17:33:04: Registering ResourceManager for type Font
17:33:04: ArchiveFactory for archive type FileSystem registered.
17:33:04: ArchiveFactory for archive type Zip registered.
17:33:04: ArchiveFactory for archive type EmbeddedZip registered.
17:33:04: DDS codec registering
17:33:04: FreeImage version: 3.15.1
17:33:04: This program uses FreeImage, a free, open source image library supporting all common bitmap formats. See http://freeimage.sourceforge.net for details
17:33:04: Supported formats: bmp,ico,jpg,jif,jpeg,jpe,jng,koa,iff,lbm,mng,pbm,pbm,pcd,pcx,pgm,pgm,png,ppm,ppm,ras,tga,targa,tif,tiff,wap,wbmp,wbm,psd,cut,xbm,xpm,gif,hdr,g3,sgi,exr,j2k,j2c,jp2,pfm,pct,pict,pic,3fr,arw,bay,bmq,cap,cine,cr2,crw,cs1,dc2,dcr,drf,dsc,dng,erf,fff,ia,iiq,k25,kc2,kdc,mdc,mef,mos,mrw,nef,nrw,orf,pef,ptx,pxn,qtk,raf,raw,rdc,rw2,rwl,rwz,sr2,srf,sti
17:33:04: Registering ResourceManager for type HighLevelGpuProgram
17:33:04: Registering ResourceManager for type Compositor
17:33:04: MovableObjectFactory for type 'Entity' registered.
17:33:04: MovableObjectFactory for type 'Light' registered.
17:33:04: MovableObjectFactory for type 'BillboardSet' registered.
17:33:04: MovableObjectFactory for type 'ManualObject' registered.
17:33:04: MovableObjectFactory for type 'BillboardChain' registered.
17:33:04: MovableObjectFactory for type 'RibbonTrail' registered.
17:33:04: Loading library /home/paulina/dev/build/lib/RenderSystem_GL
17:33:04: Installing plugin: GL RenderSystem
17:33:04: OpenGL Rendering Subsystem created.
17:33:04: Plugin successfully installed
17:33:04: Loading library /home/paulina/dev/build/lib/Plugin_ParticleFX
17:33:04: Installing plugin: ParticleFX
17:33:04: Particle Emitter Type 'Point' registered
17:33:04: Particle Emitter Type 'Box' registered
17:33:04: Particle Emitter Type 'Ellipsoid' registered
17:33:04: Particle Emitter Type 'Cylinder' registered
17:33:04: Particle Emitter Type 'Ring' registered
17:33:04: Particle Emitter Type 'HollowEllipsoid' registered
17:33:04: Particle Affector Type 'LinearForce' registered
17:33:04: Particle Affector Type 'ColourFader' registered
17:33:04: Particle Affector Type 'ColourFader2' registered
17:33:04: Particle Affector Type 'ColourImage' registered
17:33:04: Particle Affector Type 'ColourInterpolator' registered
17:33:04: Particle Affector Type 'Scaler' registered
17:33:04: Particle Affector Type 'Rotator' registered
17:33:04: Particle Affector Type 'DirectionRandomiser' registered
17:33:04: Particle Affector Type 'DeflectorPlane' registered
17:33:04: Plugin successfully installed
17:33:04: Loading library /home/paulina/dev/build/lib/Plugin_BSPSceneManager
17:33:04: Installing plugin: BSP Scene Manager
17:33:04: Plugin successfully installed
17:33:04: Loading library /home/paulina/dev/build/lib/Plugin_CgProgramManager
17:33:04: Installing plugin: Cg Program Manager
17:33:04: Plugin successfully installed
17:33:04: Loading library /home/paulina/dev/build/lib/Plugin_PCZSceneManager
17:33:04: Installing plugin: Portal Connected Zone Scene Manager
17:33:04: PCZone Factory Type 'ZoneType_Default' registered
17:33:04: Plugin successfully installed
17:33:04: Loading library /home/paulina/dev/build/lib/Plugin_OctreeZone
17:33:04: Installing plugin: Octree Zone Factory
17:33:04: Plugin successfully installed
17:33:04: Loading library /home/paulina/dev/build/lib/Plugin_OctreeSceneManager
17:33:04: Installing plugin: Octree Scene Manager
17:33:04: Plugin successfully installed
17:33:04: *-*-* OGRE Initialising
17:33:04: *-*-* Version 1.8.1 (Byatis)
17:33:04: Creating resource group Essential
17:33:04: Added resource location '/home/paulina/dev/ogre_src_v1-8-1/Samples/Media/thumbnails' of type 'FileSystem' to resource group 'Essential'
17:33:04: Added resource location '/home/paulina/dev/ogre_src_v1-8-1/Samples/Media/packs/SdkTrays.zip' of type 'Zip' to resource group 'Essential'
17:33:04: Added resource location '/home/paulina/dev/ogre_src_v1-8-1/Samples/Media/packs/profiler.zip' of type 'Zip' to resource group 'Essential'
17:33:04: Added resource location '/home/paulina/dev/ogre_src_v1-8-1/Samples/Media' of type 'FileSystem' to resource group 'General'
17:33:04: Creating resource group Popular
17:33:04: Added resource location '/home/paulina/dev/ogre_src_v1-8-1/Samples/Media/fonts' of type 'FileSystem' to resource group 'Popular'
17:33:04: Added resource location '/home/paulina/dev/ogre_src_v1-8-1/Samples/Media/materials/programs' of type 'FileSystem' to resource group 'Popular'
17:33:04: Added resource location '/home/paulina/dev/ogre_src_v1-8-1/Samples/Media/materials/scripts' of type 'FileSystem' to resource group 'Popular'
17:33:04: Added resource location '/home/paulina/dev/ogre_src_v1-8-1/Samples/Media/materials/textures' of type 'FileSystem' to resource group 'Popular'
17:33:04: Added resource location '/home/paulina/dev/ogre_src_v1-8-1/Samples/Media/materials/textures/nvidia' of type 'FileSystem' to resource group 'Popular'
17:33:04: Added resource location '/home/paulina/dev/ogre_src_v1-8-1/Samples/Media/models' of type 'FileSystem' to resource group 'Popular'
17:33:04: Added resource location '/home/paulina/dev/ogre_src_v1-8-1/Samples/Media/particle' of type 'FileSystem' to resource group 'Popular'
17:33:04: Added resource location '/home/paulina/dev/ogre_src_v1-8-1/Samples/Media/DeferredShadingMedia' of type 'FileSystem' to resource group 'Popular'
17:33:04: Added resource location '/home/paulina/dev/ogre_src_v1-8-1/Samples/Media/PCZAppMedia' of type 'FileSystem' to resource group 'Popular'
17:33:04: Added resource location '/home/paulina/dev/ogre_src_v1-8-1/Samples/Media/RTShaderLib' of type 'FileSystem' to resource group 'Popular'
17:33:04: Added resource location '/home/paulina/dev/ogre_src_v1-8-1/Samples/Media/RTShaderLib/materials' of type 'FileSystem' to resource group 'Popular'
17:33:04: Added resource location '/home/paulina/dev/ogre_src_v1-8-1/Samples/Media/materials/scripts/SSAO' of type 'FileSystem' to resource group 'Popular'
17:33:04: Added resource location '/home/paulina/dev/ogre_src_v1-8-1/Samples/Media/materials/textures/SSAO' of type 'FileSystem' to resource group 'Popular'
17:33:04: Added resource location '/home/paulina/dev/ogre_src_v1-8-1/Samples/Media/packs/cubemap.zip' of type 'Zip' to resource group 'Popular'
17:33:04: Added resource location '/home/paulina/dev/ogre_src_v1-8-1/Samples/Media/packs/cubemapsJS.zip' of type 'Zip' to resource group 'Popular'
17:33:04: Added resource location '/home/paulina/dev/ogre_src_v1-8-1/Samples/Media/packs/dragon.zip' of type 'Zip' to resource group 'Popular'
17:33:04: Added resource location '/home/paulina/dev/ogre_src_v1-8-1/Samples/Media/packs/fresneldemo.zip' of type 'Zip' to resource group 'Popular'
17:33:04: Added resource location '/home/paulina/dev/ogre_src_v1-8-1/Samples/Media/packs/ogretestmap.zip' of type 'Zip' to resource group 'Popular'
17:33:04: Added resource location '/home/paulina/dev/ogre_src_v1-8-1/Samples/Media/packs/ogredance.zip' of type 'Zip' to resource group 'Popular'
17:33:04: Added resource location '/home/paulina/dev/ogre_src_v1-8-1/Samples/Media/packs/Sinbad.zip' of type 'Zip' to resource group 'Popular'
17:33:04: Added resource location '/home/paulina/dev/ogre_src_v1-8-1/Samples/Media/packs/skybox.zip' of type 'Zip' to resource group 'Popular'
17:33:04: Creating resource group Tests
17:33:04: Added resource location '/home/paulina/dev/ogre_src_v1-8-1/Samples/Media/../../Tests/Media' of type 'FileSystem' to resource group 'Tests'
17:33:05: CPU Identifier & Features
17:33:05: -------------------------
17:33:05:  *   CPU ID: GenuineIntel: Intel(R) Core(TM) i5-3230M CPU @ 2.60GHz
17:33:05:  *      SSE: yes
17:33:05:  *     SSE2: yes
17:33:05:  *     SSE3: yes
17:33:05:  *      MMX: yes
17:33:05:  *   MMXEXT: yes
17:33:05:  *    3DNOW: no
17:33:05:  * 3DNOWEXT: no
17:33:05:  *     CMOV: yes
17:33:05:  *      TSC: yes
17:33:05:  *      FPU: yes
17:33:05:  *      PRO: yes
17:33:05:  *       HT: no
17:33:05: -------------------------
17:33:05: ******************************
*** Starting GLX Subsystem ***
******************************
17:33:05: Registering ResourceManager for type Texture
17:33:05: GLRenderSystem::_createRenderWindow "TutorialApplication Render Window", 1366x768 fullscreen  miscParams: FSAA=8 displayFrequency=60 Hz gamma=Yes vsync=Yes 
17:33:05: GLXWindow::create used FBConfigID = 120
17:33:05: GL_VERSION = 3.0 Mesa 9.1.7
17:33:05: GL_VENDOR = Intel Open Source Technology Center
17:33:05: GL_RENDERER = Mesa DRI Intel(R) Ivybridge Mobile 
17:33:05: GL_EXTENSIONS = GL_ARB_multisample GL_EXT_abgr GL_EXT_bgra GL_EXT_blend_color GL_EXT_blend_minmax GL_EXT_blend_subtract GL_EXT_copy_texture GL_EXT_polygon_offset GL_EXT_subtexture GL_EXT_texture_object GL_EXT_vertex_array GL_EXT_compiled_vertex_array GL_EXT_texture GL_EXT_texture3D GL_IBM_rasterpos_clip GL_ARB_point_parameters GL_EXT_draw_range_elements GL_EXT_packed_pixels GL_EXT_point_parameters GL_EXT_rescale_normal GL_EXT_separate_specular_color GL_EXT_texture_edge_clamp GL_SGIS_generate_mipmap GL_SGIS_texture_border_clamp GL_SGIS_texture_edge_clamp GL_SGIS_texture_lod GL_ARB_framebuffer_sRGB GL_ARB_multitexture GL_EXT_framebuffer_sRGB GL_IBM_multimode_draw_arrays GL_IBM_texture_mirrored_repeat GL_3DFX_texture_compression_FXT1 GL_ARB_texture_cube_map GL_ARB_texture_env_add GL_ARB_transpose_matrix GL_EXT_blend_func_separate GL_EXT_fog_coord GL_EXT_multi_draw_arrays GL_EXT_secondary_color GL_EXT_texture_env_add GL_EXT_texture_filter_anisotropic GL_EXT_texture_lod_bias GL_INGR_blend_func_separate GL_NV_blend_square GL_NV_light_max_exponent GL_NV_texgen_reflection GL_NV_texture_env_combine4 GL_S3_s3tc GL_SUN_multi_draw_arrays GL_ARB_texture_border_clamp GL_ARB_texture_compression GL_EXT_framebuffer_object GL_EXT_texture_env_combine GL_EXT_texture_env_dot3 GL_MESA_window_pos GL_NV_packed_depth_stencil GL_NV_texture_rectangle GL_ARB_depth_texture GL_ARB_occlusion_query GL_ARB_shadow GL_ARB_texture_env_combine GL_ARB_texture_env_crossbar GL_ARB_texture_env_dot3 GL_ARB_texture_mirrored_repeat GL_ARB_window_pos GL_ATI_envmap_bumpmap GL_EXT_stencil_two_side GL_EXT_texture_cube_map GL_NV_depth_clamp GL_APPLE_packed_pixels GL_APPLE_vertex_array_object GL_ARB_draw_buffers GL_ARB_fragment_program GL_ARB_fragment_shader GL_ARB_shader_objects GL_ARB_vertex_program GL_ARB_vertex_shader GL_ATI_draw_buffers GL_ATI_texture_env_combine3 GL_ATI_texture_float GL_EXT_shadow_funcs GL_EXT_stencil_wrap GL_MESA_pack_invert GL_MESA_ycbcr_texture GL_NV_primitive_restart GL_ARB_depth_clamp GL_ARB_fragment_program_shadow GL_ARB_half_float_pixel GL_ARB_occlusion_query2 GL_ARB_point_sprite GL_ARB_shading_language_100 GL_ARB_sync GL_ARB_texture_non_power_of_two GL_ARB_vertex_buffer_object GL_ATI_blend_equation_separate GL_EXT_blend_equation_separate GL_OES_read_format GL_ARB_color_buffer_float GL_ARB_pixel_buffer_object GL_ARB_texture_compression_rgtc GL_ARB_texture_float GL_ARB_texture_rectangle GL_EXT_packed_float GL_EXT_pixel_buffer_object GL_EXT_texture_compression_dxt1 GL_EXT_texture_compression_rgtc GL_EXT_texture_rectangle GL_EXT_texture_sRGB GL_EXT_texture_shared_exponent GL_ARB_framebuffer_object GL_EXT_framebuffer_blit GL_EXT_framebuffer_multisample GL_EXT_packed_depth_stencil GL_APPLE_object_purgeable GL_ARB_vertex_array_object GL_ATI_separate_stencil GL_EXT_draw_buffers2 GL_EXT_draw_instanced GL_EXT_gpu_program_parameters GL_EXT_texture_array GL_EXT_texture_integer GL_EXT_texture_sRGB_decode GL_EXT_timer_query GL_OES_EGL_image GL_MESA_texture_array GL_ARB_copy_buffer GL_ARB_depth_buffer_float GL_ARB_draw_instanced GL_ARB_half_float_vertex GL_ARB_instanced_arrays GL_ARB_map_buffer_range GL_ARB_texture_rg GL_ARB_texture_swizzle GL_ARB_vertex_array_bgra GL_EXT_separate_shader_objects GL_EXT_texture_swizzle GL_EXT_vertex_array_bgra GL_NV_conditional_render GL_AMD_draw_buffers_blend GL_ARB_ES2_compatibility GL_ARB_blend_func_extended GL_ARB_debug_output GL_ARB_draw_buffers_blend GL_ARB_draw_elements_base_vertex GL_ARB_explicit_attrib_location GL_ARB_fragment_coord_conventions GL_ARB_provoking_vertex GL_ARB_sampler_objects GL_ARB_seamless_cube_map GL_ARB_shader_texture_lod GL_ARB_texture_cube_map_array GL_ARB_texture_rgb10_a2ui GL_ARB_uniform_buffer_object GL_ARB_vertex_type_2_10_10_10_rev GL_EXT_provoking_vertex GL_EXT_texture_snorm GL_MESA_texture_signed_rgba GL_ARB_get_program_binary GL_ARB_robustness GL_ARB_shader_bit_encoding GL_ARB_timer_query GL_ANGLE_texture_compression_dxt3 GL_ANGLE_texture_compression_dxt5 GL_ARB_internalformat_query GL_ARB_shading_language_packing GL_ARB_texture_storage GL_EXT_transform_feedback GL_ARB_ES3_compatibility GL_ARB_invalidate_subdata 
17:33:05: Supported GLX extensions: GLX_ARB_create_context GLX_ARB_create_context_profile GLX_ARB_get_proc_address GLX_ARB_multisample GLX_EXT_import_context GLX_EXT_visual_info GLX_EXT_visual_rating GLX_EXT_create_context_es2_profile GLX_MESA_copy_sub_buffer GLX_MESA_multithread_makecurrent GLX_MESA_swap_control GLX_OML_swap_method GLX_OML_sync_control GLX_SGI_make_current_read GLX_SGI_swap_control GLX_SGI_video_sync GLX_SGIS_multisample GLX_SGIX_fbconfig GLX_SGIX_pbuffer GLX_SGIX_visual_select_group GLX_EXT_texture_from_pixmap GLX_INTEL_swap_event 
17:33:05: ***************************
17:33:05: *** GL Renderer Started ***
17:33:05: ***************************
17:33:05: Registering ResourceManager for type GpuProgram
17:33:05: GLSL support detected
17:33:05: GL: Using GL_EXT_framebuffer_object for rendering to textures (best)
17:33:05: FBO PF_UNKNOWN depth/stencil support: D0S1 D0S4 D0S8 D0S16 D16S0 D16S1 D16S4 D16S8 D16S16 D24S0 D24S1 D24S4 D24S8 D24S16 D32S0 D32S1 D32S4 D32S8 D32S16 Packed-D24S8 
17:33:05: FBO PF_A8 depth/stencil support: D0S0 D0S1 D0S4 D0S8 D0S16 D16S0 D16S1 D16S4 D16S8 D16S16 D24S0 D24S1 D24S4 D24S8 D24S16 D32S0 D32S1 D32S4 D32S8 D32S16 Packed-D24S8 
17:33:05: FBO PF_R5G6B5 depth/stencil support: D0S0 D0S1 D0S4 D0S8 D0S16 D16S0 D16S1 D16S4 D16S8 D16S16 D24S0 D24S1 D24S4 D24S8 D24S16 D32S0 D32S1 D32S4 D32S8 D32S16 Packed-D24S8 
17:33:05: FBO PF_B5G6R5 depth/stencil support: D0S0 D0S1 D0S4 D0S8 D0S16 D16S0 D16S1 D16S4 D16S8 D16S16 D24S0 D24S1 D24S4 D24S8 D24S16 D32S0 D32S1 D32S4 D32S8 D32S16 Packed-D24S8 
17:33:05: FBO PF_A4R4G4B4 depth/stencil support: D0S0 D0S1 D0S4 D0S8 D0S16 D16S0 D16S1 D16S4 D16S8 D16S16 D24S0 D24S1 D24S4 D24S8 D24S16 D32S0 D32S1 D32S4 D32S8 D32S16 Packed-D24S8 
17:33:05: FBO PF_A1R5G5B5 depth/stencil support: D0S0 D0S1 D0S4 D0S8 D0S16 D16S0 D16S1 D16S4 D16S8 D16S16 D24S0 D24S1 D24S4 D24S8 D24S16 D32S0 D32S1 D32S4 D32S8 D32S16 Packed-D24S8 
17:33:05: FBO PF_R8G8B8 depth/stencil support: D0S0 D0S1 D0S4 D0S8 D0S16 D16S0 D16S1 D16S4 D16S8 D16S16 D24S0 D24S1 D24S4 D24S8 D24S16 D32S0 D32S1 D32S4 D32S8 D32S16 Packed-D24S8 
17:33:05: FBO PF_B8G8R8 depth/stencil support: D0S0 D0S1 D0S4 D0S8 D0S16 D16S0 D16S1 D16S4 D16S8 D16S16 D24S0 D24S1 D24S4 D24S8 D24S16 D32S0 D32S1 D32S4 D32S8 D32S16 Packed-D24S8 
17:33:05: FBO PF_A8R8G8B8 depth/stencil support: D0S0 D0S1 D0S4 D0S8 D0S16 D16S0 D16S1 D16S4 D16S8 D16S16 D24S0 D24S1 D24S4 D24S8 D24S16 D32S0 D32S1 D32S4 D32S8 D32S16 Packed-D24S8 
17:33:05: FBO PF_B8G8R8A8 depth/stencil support: D0S0 D0S1 D0S4 D0S8 D0S16 D16S0 D16S1 D16S4 D16S8 D16S16 D24S0 D24S1 D24S4 D24S8 D24S16 D32S0 D32S1 D32S4 D32S8 D32S16 Packed-D24S8 
17:33:05: FBO PF_A2R10G10B10 depth/stencil support: D0S0 D0S1 D0S4 D0S8 D0S16 D16S0 D16S1 D16S4 D16S8 D16S16 D24S0 D24S1 D24S4 D24S8 D24S16 D32S0 D32S1 D32S4 D32S8 D32S16 Packed-D24S8 
17:33:05: FBO PF_A2B10G10R10 depth/stencil support: D0S0 D0S1 D0S4 D0S8 D0S16 D16S0 D16S1 D16S4 D16S8 D16S16 D24S0 D24S1 D24S4 D24S8 D24S16 D32S0 D32S1 D32S4 D32S8 D32S16 Packed-D24S8 
17:33:05: FBO PF_FLOAT16_RGB depth/stencil support: D0S0 D0S1 D0S4 D0S8 D0S16 D16S0 D16S1 D16S4 D16S8 D16S16 D24S0 D24S1 D24S4 D24S8 D24S16 D32S0 D32S1 D32S4 D32S8 D32S16 Packed-D24S8 
17:33:05: FBO PF_FLOAT16_RGBA depth/stencil support: D0S0 D0S1 D0S4 D0S8 D0S16 D16S0 D16S1 D16S4 D16S8 D16S16 D24S0 D24S1 D24S4 D24S8 D24S16 D32S0 D32S1 D32S4 D32S8 D32S16 Packed-D24S8 
17:33:05: FBO PF_FLOAT32_RGBA depth/stencil support: D0S0 D0S1 D0S4 D0S8 D0S16 D16S0 D16S1 D16S4 D16S8 D16S16 D24S0 D24S1 D24S4 D24S8 D24S16 D32S0 D32S1 D32S4 D32S8 D32S16 Packed-D24S8 
17:33:05: FBO PF_X8R8G8B8 depth/stencil support: D0S0 D0S1 D0S4 D0S8 D0S16 D16S0 D16S1 D16S4 D16S8 D16S16 D24S0 D24S1 D24S4 D24S8 D24S16 D32S0 D32S1 D32S4 D32S8 D32S16 Packed-D24S8 
17:33:05: FBO PF_X8B8G8R8 depth/stencil support: D0S0 D0S1 D0S4 D0S8 D0S16 D16S0 D16S1 D16S4 D16S8 D16S16 D24S0 D24S1 D24S4 D24S8 D24S16 D32S0 D32S1 D32S4 D32S8 D32S16 Packed-D24S8 
17:33:05: FBO PF_SHORT_RGBA depth/stencil support: D0S0 D0S1 D0S4 D0S8 D0S16 D16S0 D16S1 D16S4 D16S8 D16S16 D24S0 D24S1 D24S4 D24S8 D24S16 D32S0 D32S1 D32S4 D32S8 D32S16 Packed-D24S8 
17:33:05: FBO PF_R3G3B2 depth/stencil support: D0S0 D0S1 D0S4 D0S8 D0S16 D16S0 D16S1 D16S4 D16S8 D16S16 D24S0 D24S1 D24S4 D24S8 D24S16 D32S0 D32S1 D32S4 D32S8 D32S16 Packed-D24S8 
17:33:05: FBO PF_FLOAT16_R depth/stencil support: D0S0 D0S1 D0S4 D0S8 D0S16 D16S0 D16S1 D16S4 D16S8 D16S16 D24S0 D24S1 D24S4 D24S8 D24S16 D32S0 D32S1 D32S4 D32S8 D32S16 Packed-D24S8 
17:33:05: FBO PF_FLOAT32_R depth/stencil support: D0S0 D0S1 D0S4 D0S8 D0S16 D16S0 D16S1 D16S4 D16S8 D16S16 D24S0 D24S1 D24S4 D24S8 D24S16 D32S0 D32S1 D32S4 D32S8 D32S16 Packed-D24S8 
17:33:05: FBO PF_SHORT_RGB depth/stencil support: D0S0 D0S1 D0S4 D0S8 D0S16 D16S0 D16S1 D16S4 D16S8 D16S16 D24S0 D24S1 D24S4 D24S8 D24S16 D32S0 D32S1 D32S4 D32S8 D32S16 Packed-D24S8 
17:33:05: [GL] : Valid FBO targets PF_UNKNOWN PF_A8 PF_R5G6B5 PF_B5G6R5 PF_A4R4G4B4 PF_A1R5G5B5 PF_R8G8B8 PF_B8G8R8 PF_A8R8G8B8 PF_B8G8R8A8 PF_A2R10G10B10 PF_A2B10G10R10 PF_FLOAT16_RGB PF_FLOAT16_RGBA PF_FLOAT32_RGBA PF_X8R8G8B8 PF_X8B8G8R8 PF_SHORT_RGBA PF_R3G3B2 PF_FLOAT16_R PF_FLOAT32_R PF_SHORT_RGB 
17:33:05: RenderSystem capabilities
17:33:05: -------------------------
17:33:05: RenderSystem Name: OpenGL Rendering Subsystem
17:33:05: GPU Vendor: intel
17:33:05: Device Name: Mesa DRI Intel(R) Ivybridge Mobile 
17:33:05: Driver Version: 3.0.0.0
17:33:05:  * Fixed function pipeline: yes
17:33:05:  * Hardware generation of mipmaps: no
17:33:05:  * Texture blending: yes
17:33:05:  * Anisotropic texture filtering: yes
17:33:05:  * Dot product texture operation: yes
17:33:05:  * Cube mapping: yes
17:33:05:  * Hardware stencil buffer: yes
17:33:05:    - Stencil depth: 8
17:33:05:    - Two sided stencil support: yes
17:33:05:    - Wrap stencil values: yes
17:33:05:  * Hardware vertex / index buffers: yes
17:33:05:  * Vertex programs: yes
17:33:05:  * Number of floating-point constants for vertex programs: 4096
17:33:05:  * Number of integer constants for vertex programs: 0
17:33:05:  * Number of boolean constants for vertex programs: 0
17:33:05:  * Fragment programs: yes
17:33:05:  * Number of floating-point constants for fragment programs: 4096
17:33:05:  * Number of integer constants for fragment programs: 0
17:33:05:  * Number of boolean constants for fragment programs: 0
17:33:05:  * Geometry programs: no
17:33:05:  * Number of floating-point constants for geometry programs: 0
17:33:05:  * Number of integer constants for geometry programs: 0
17:33:05:  * Number of boolean constants for geometry programs: 0
17:33:05:  * Supported Shader Profiles: arbfp1 arbvp1 glsl
17:33:05:  * Texture Compression: yes
17:33:05:    - DXT: no
17:33:05:    - VTC: no
17:33:05:    - PVRTC: no
17:33:05:  * Scissor Rectangle: yes
17:33:05:  * Hardware Occlusion Query: yes
17:33:05:  * User clip planes: yes
17:33:05:  * VET_UBYTE4 vertex element type: yes
17:33:05:  * Infinite far plane projection: yes
17:33:05:  * Hardware render-to-texture: yes
17:33:05:  * Floating point textures: yes
17:33:05:  * Non-power-of-two textures: yes
17:33:05:  * Volume textures: yes
17:33:05:  * Multiple Render Targets: 8
17:33:05:    - With different bit depths: yes
17:33:05:  * Point Sprites: yes
17:33:05:  * Extended point parameters: yes
17:33:05:  * Max Point Size: 255
17:33:05:  * Vertex texture fetch: yes
17:33:05:  * Number of world matrices: 0
17:33:05:  * Number of texture units: 16
17:33:05:  * Stencil buffer depth: 8
17:33:05:  * Number of vertex blend matrices: 0
17:33:05:    - Max vertex textures: 16
17:33:05:    - Vertex textures shared: yes
17:33:05:  * Render to Vertex Buffer : no
17:33:05:  * GL 1.5 without VBO workaround: no
17:33:05:  * Frame Buffer objects: yes
17:33:05:  * Frame Buffer objects (ARB extension): no
17:33:05:  * Frame Buffer objects (ATI extension): no
17:33:05:  * PBuffer support: yes
17:33:05:  * GL 1.5 without HW-occlusion workaround: no
17:33:05:  * Separate shader objects: no
17:33:05: Using FSAA from GL_ARB_multisample extension.
17:33:05: DefaultWorkQueue('Root') initialising on thread 0x6d0b30.
17:33:05: DefaultWorkQueue('Root')::WorkerFunc - thread 0xa386b0 starting.
17:33:05: DefaultWorkQueue('Root')::WorkerFunc - thread 0xa2a4a0 starting.
17:33:05: DefaultWorkQueue('Root')::WorkerFunc - thread 0xa28c00 starting.
17:33:05: DefaultWorkQueue('Root')::WorkerFunc - thread 0xa37730 starting.
17:33:05: Particle Renderer Type 'billboard' registered
17:33:05: SceneManagerFactory for type 'BspSceneManager' registered.
17:33:05: Registering ResourceManager for type BspLevel
17:33:05: SceneManagerFactory for type 'PCZSceneManager' registered.
17:33:05: MovableObjectFactory for type 'PCZLight' registered.
17:33:05: MovableObjectFactory for type 'Portal' registered.
17:33:05: MovableObjectFactory for type 'AntiPortal' registered.
17:33:05: PCZone Factory Type 'ZoneType_Octree' registered
17:33:05: SceneManagerFactory for type 'OctreeSceneManager' registered.
17:33:05: Parsing scripts for resource group Autodetect
17:33:05: Finished parsing scripts for resource group Autodetect
17:33:05: Creating resources for group Autodetect
17:33:05: All done
17:33:05: Parsing scripts for resource group Essential
17:33:05: Parsing script SdkTrays.material
17:33:05: Parsing script OgreProfiler.material
17:33:05: Parsing script SdkTrays.fontdef
17:33:05: Parsing script SdkTrays.overlay
17:33:05: Texture: sdk_cursor.png: Loading 1 faces(PF_A8R8G8B8,32x32x1) with 5 generated mipmaps from Image. Internal format is PF_A8R8G8B8,32x32x1.
17:33:05: Texture: sdk_tray.png: Loading 1 faces(PF_A8R8G8B8,64x64x1) with 5 generated mipmaps from Image. Internal format is PF_A8R8G8B8,64x64x1.
17:33:05: Texture: sdk_button_up.png: Loading 1 faces(PF_A8R8G8B8,128x32x1) with 5 generated mipmaps from Image. Internal format is PF_A8R8G8B8,128x32x1.
17:33:05: Texture: sdk_text_box.png: Loading 1 faces(PF_A8R8G8B8,32x32x1) with 5 generated mipmaps from Image. Internal format is PF_A8R8G8B8,32x32x1.
17:33:05: Texture: sdk_mini_tray.png: Loading 1 faces(PF_A8R8G8B8,32x32x1) with 5 generated mipmaps from Image. Internal format is PF_A8R8G8B8,32x32x1.
17:33:05: Texture: sdk_track.png: Loading 1 faces(PF_A8R8G8B8,16x32x1) with 5 generated mipmaps from Image. Internal format is PF_A8R8G8B8,16x32x1.
17:33:05: Texture: sdk_handle.png: Loading 1 faces(PF_A8R8G8B8,16x16x1) with 4 generated mipmaps from Image. Internal format is PF_A8R8G8B8,16x16x1.
17:33:05: Texture: sdk_mini_text_box.png: Loading 1 faces(PF_A8R8G8B8,32x32x1) with 5 generated mipmaps from Image. Internal format is PF_A8R8G8B8,32x32x1.
17:33:05: Texture: sdk_label.png: Loading 1 faces(PF_A8R8G8B8,32x32x1) with 5 generated mipmaps from Image. Internal format is PF_A8R8G8B8,32x32x1.
17:33:05: Texture: sdk_separator.png: Loading 1 faces(PF_A8R8G8B8,64x16x1) with 5 generated mipmaps from Image. Internal format is PF_A8R8G8B8,64x16x1.
17:33:05: Texture: sdk_logo.png: Loading 1 faces(PF_A8R8G8B8,128x64x1) with 5 generated mipmaps from Image. Internal format is PF_A8R8G8B8,128x64x1.
17:33:05: Texture: sdk_shade.png: Loading 1 faces(PF_A8R8G8B8,64x48x1) with 5 generated mipmaps from Image. Internal format is PF_A8R8G8B8,64x48x1.
17:33:05: Texture: sdk_frame.png: Loading 1 faces(PF_A8R8G8B8,32x32x1) with 5 generated mipmaps from Image. Internal format is PF_A8R8G8B8,32x32x1.
17:33:05: Texture: sdk_mini_text_box_over.png: Loading 1 faces(PF_A8R8G8B8,32x32x1) with 5 generated mipmaps from Image. Internal format is PF_A8R8G8B8,32x32x1.
17:33:05: Texture: sdk_pulse.png: Loading 1 faces(PF_R8G8B8,8x1x1) with 3 generated mipmaps from Image. Internal format is PF_X8R8G8B8,8x1x1.
17:33:05: Finished parsing scripts for resource group Essential
17:33:05: Creating resources for group Essential
17:33:05: All done
17:33:05: Parsing scripts for resource group General
17:33:05: Finished parsing scripts for resource group General
17:33:05: Creating resources for group General
17:33:05: All done
17:33:05: Parsing scripts for resource group Internal
17:33:05: Finished parsing scripts for resource group Internal
17:33:05: Creating resources for group Internal
17:33:05: All done
17:33:05: Parsing scripts for resource group Popular
17:33:05: Parsing script Instancing.program
17:33:05: Parsing script DualQuaternion.program
17:33:05: OGRE EXCEPTION(7:InternalErrorException): Unable to compile Cg program Ogre/DualQuaternionHardwareSkinningTwoWeightsTwoPhaseCg: The compile returned an error.
DualQuaternion.cg(78) : warning C7019: "blendWgt" is too large for semantic "BLENDWEIGHT", which is size 1
(0) : error C6007: Constant register limit exceeded; more than 96 constant registers needed to compiled program
(0) : error C6007: Constant register limit exceeded; more than 96 constant registers needed to compiled program
(0) : error C6007: Constant register limit exceeded; more than 96 constant registers needed to compiled program
(0) : error C6007: Constant register limit exceeded; more than 96 constant registers needed to compiled program
(0) : error C6007: Constant register limit exceeded; more than 96 constant registers needed to compiled program
(0) : error C6007: Constant register limit exceeded; more than 96 constant registers needed to compiled program
(0) : error C6007: Constant register limit exceeded; more than 96 constant registers needed to compiled program
(0) : error C6007: Constant register limit exceeded; more than 96 constant registers needed to compiled program
 in CgProgram::compileMicrocode at /home/paulina/dev/ogre_src_v1-8-1/PlugIns/CgProgramManager/src/OgreCgProgramManagerDll.cpp (line 67)
17:33:05: High-level program Ogre/DualQuaternionHardwareSkinningTwoWeightsTwoPhaseCg encountered an error during loading and is thus not supported.
OGRE EXCEPTION(7:InternalErrorException): Unable to compile Cg program Ogre/DualQuaternionHardwareSkinningTwoWeightsTwoPhaseCg: The compile returned an error.
DualQuaternion.cg(78) : warning C7019: "blendWgt" is too large for semantic "BLENDWEIGHT", which is size 1
(0) : error C6007: Constant register limit exceeded; more than 96 constant registers needed to compiled program
(0) : error C6007: Constant register limit exceeded; more than 96 constant registers needed to compiled program
(0) : error C6007: Constant register limit exceeded; more than 96 constant registers needed to compiled program
(0) : error C6007: Constant register limit exceeded; more than 96 constant registers needed to compiled program
(0) : error C6007: Constant register limit exceeded; more than 96 constant registers needed to compiled program
(0) : error C6007: Constant register limit exceeded; more than 96 constant registers needed to compiled program
(0) : error C6007: Constant register limit exceeded; more than 96 constant registers needed to compiled program
(0) : error C6007: Constant register limit exceeded; more than 96 constant registers needed to compiled program
 in CgProgram::compileMicrocode at /home/paulina/dev/ogre_src_v1-8-1/PlugIns/CgProgramManager/src/OgreCgProgramManagerDll.cpp (line 67)
17:33:05: OGRE EXCEPTION(2:InvalidParametersException): Named constants have not been initialised, perhaps a compile error. in GpuProgramParameters::_findNamedConstantDefinition at /home/paulina/dev/ogre_src_v1-8-1/OgreMain/src/OgreGpuProgramParams.cpp (line 1441)
17:33:05: Compiler error: invalid parameters in DualQuaternion.program(28): setting of constant failed
17:33:05: Parsing script StdQuad_vp.program
17:33:05: Parsing script Examples.program
17:33:05: Parsing script ShadowCaster.program
17:33:05: Parsing script deferred_post.program
17:33:05: Parsing script BlackAndWhite.material
17:33:05: Parsing script Glass.material
17:33:05: Parsing script OldTV.material
17:33:05: Parsing script hdr.material
17:33:05: Parsing script HW_VTF_LUTInstancing.material
17:33:05: Parsing script sibenik.material
17:33:05: Parsing script CompositorDemo.material
17:33:05: Parsing script Stereoscopy.material
17:33:05: Parsing script Halftone.material
17:33:05: Parsing script InstancingMisc.material
17:33:05: Parsing script ShaderSystem.material
17:33:05: Parsing script NightVision.material
17:33:05: Parsing script GLSLSwizzle.material
17:33:05: Parsing script CGSwizzle.material
17:33:05: Parsing script Penguin.material
17:33:05: Parsing script Embossed.material
17:33:05: Parsing script Ogre.material
17:33:05: Parsing script ParticleGS.material
17:33:05: Parsing script Examples-DynTex.material
17:33:05: Parsing script OffsetMapping.material
17:33:05: Compiler error: object unsupported by render system in OffsetMapping.material(35)
17:33:05: Parsing script Example-Water.material
17:33:05: Parsing script Laplace.material
17:33:05: Parsing script facial.material
17:33:05: Parsing script DualQuaternion.material
17:33:05: Parsing script HW_VTFInstancing.material
17:33:05: Parsing script DepthShadowmap.material
17:33:06: Parsing script shadows.material
17:33:06: Parsing script pssm.material
17:33:06: Parsing script Examples-Water.material
17:33:06: Parsing script instancing.material
17:33:06: Parsing script ShaderInstancing.material
17:33:06: Parsing script IsoSurf.material
17:33:06: Parsing script Tiling.material
17:33:06: Parsing script MotionBlur.material
17:33:06: Parsing script VarianceShadowmap.material
17:33:06: Parsing script Ocean.material
17:33:06: Parsing script Dither.material
17:33:06: Parsing script RadialBlur.material
17:33:06: Parsing script Examples-Advanced.material
17:33:06: Compiler error: object unsupported by render system in Examples-Advanced.material(524)
17:33:06: Compiler error: object unsupported by render system in Examples-Advanced.material(787)
17:33:06: Parsing script ASCII.material
17:33:06: Parsing script VTFInstancing.material
17:33:06: Parsing script MRTtest.material
17:33:06: Parsing script smoke.material
17:33:06: Parsing script SharpenEdges.material
17:33:06: Parsing script Bloom2.material
17:33:06: Parsing script Invert.material
17:33:06: Parsing script Posterize.material
17:33:06: Parsing script ASMSwizzle.material
17:33:06: Compiler error: object unsupported by render system in ASMSwizzle.material(1)
17:33:06: Parsing script OldMovie.material
17:33:06: Parsing script Bloom.material
17:33:06: Parsing script RZR-002.material
17:33:06: Parsing script Hurt.material
17:33:06: Parsing script HWInstancing.material
17:33:06: Parsing script Examples.material
17:33:06: Parsing script HeatVision.material
17:33:06: Parsing script DOF.material
17:33:06: Parsing script ssao.material
17:33:06: Parsing script deferreddemo.material
17:33:06: Parsing script deferred_post_minilight.material
17:33:06: Parsing script ShadowCaster.material
17:33:06: Parsing script deferred_post.material
17:33:06: Parsing script ROOM.material
17:33:06: Parsing script HardwareSkinningShadow.material
17:33:06: OGRE EXCEPTION(7:InternalErrorException): Unable to compile Cg program Ogre/RTShader/shadow_caster_skinning_1weight_vs: The compile returned an error.
(21) : warning C7019: "blendWgt" is too large for semantic "BLENDWEIGHT", which is size 1
(23) : error C5041: cannot locate suitable resource to bind parameter "<null atom>"
(23) : error C5041: cannot locate suitable resource to bind parameter "<null atom>"
(23) : error C5041: cannot locate suitable resource to bind parameter "<null atom>"
(23) : error C5041: cannot locate suitable resource to bind parameter "<null atom>"
(23) : error C5041: cannot locate suitable resource to bind parameter "<null atom>"
(23) : error C5041: cannot locate suitable resource to bind parameter "<null atom>"
(23) : error C5041: cannot locate suitable resource to bind parameter "<null atom>"
(23) : error C5041: cannot locate suitable resource to bind parameter "<null atom>"
(23) : error C5041: cannot locate suitable resource to bind parameter "<null atom>"
(23) : error C5041: cannot locate suitable resource to bind parameter "<null atom>"
(23) : error C5041: cannot locate suitable resource to bind parameter "<null atom>"
(23) : error C5041: cannot locate suitable resource to bind parameter "<null atom>"
(23) : error C5041: cannot locate suitable resource to bind parameter "<null atom>"
(23) : error C5041: cannot locate suitable resource to bind parameter "<null atom>"
(23) : error C5041: cannot locate suitable resource to bind parameter "<null atom>"
(23) : error C5041: cannot locate suitable resource to bind parameter "<null atom>"
(23) : error C5041: cannot locate suitable resource to bind parameter "<null atom>"
(23) : error C5041: cannot locate suitable resource to bind parameter "<null atom>"
(23) : error C5041: cannot locate suitable resource to bind parameter "<null atom>"
 in CgProgram::compileMicrocode at /home/paulina/dev/ogre_src_v1-8-1/PlugIns/CgProgramManager/src/OgreCgProgramManagerDll.cpp (line 67)
17:33:06: High-level program Ogre/RTShader/shadow_caster_skinning_1weight_vs encountered an error during loading and is thus not supported.
OGRE EXCEPTION(7:InternalErrorException): Unable to compile Cg program Ogre/RTShader/shadow_caster_skinning_1weight_vs: The compile returned an error.
(21) : warning C7019: "blendWgt" is too large for semantic "BLENDWEIGHT", which is size 1
(23) : error C5041: cannot locate suitable resource to bind parameter "<null atom>"
(23) : error C5041: cannot locate suitable resource to bind parameter "<null atom>"
(23) : error C5041: cannot locate suitable resource to bind parameter "<null atom>"
(23) : error C5041: cannot locate suitable resource to bind parameter "<null atom>"
(23) : error C5041: cannot locate suitable resource to bind parameter "<null atom>"
(23) : error C5041: cannot locate suitable resource to bind parameter "<null atom>"
(23) : error C5041: cannot locate suitable resource to bind parameter "<null atom>"
(23) : error C5041: cannot locate suitable resource to bind parameter "<null atom>"
(23) : error C5041: cannot locate suitable resource to bind parameter "<null atom>"
(23) : error C5041: cannot locate suitable resource to bind parameter "<null atom>"
(23) : error C5041: cannot locate suitable resource to bind parameter "<null atom>"
(23) : error C5041: cannot locate suitable resource to bind parameter "<null atom>"
(23) : error C5041: cannot locate suitable resource to bind parameter "<null atom>"
(23) : error C5041: cannot locate suitable resource to bind parameter "<null atom>"
(23) : error C5041: cannot locate suitable resource to bind parameter "<null atom>"
(23) : error C5041: cannot locate suitable resource to bind parameter "<null atom>"
(23) : error C5041: cannot locate suitable resource to bind parameter "<null atom>"
(23) : error C5041: cannot locate suitable resource to bind parameter "<null atom>"
(23) : error C5041: cannot locate suitable resource to bind parameter "<null atom>"
 in CgProgram::compileMicrocode at /home/paulina/dev/ogre_src_v1-8-1/PlugIns/CgProgramManager/src/OgreCgProgramManagerDll.cpp (line 67)
17:33:06: OGRE EXCEPTION(2:InvalidParametersException): Named constants have not been initialised, perhaps a compile error. in GpuProgramParameters::_findNamedConstantDefinition at /home/paulina/dev/ogre_src_v1-8-1/OgreMain/src/OgreGpuProgramParams.cpp (line 1441)
17:33:06: Compiler error: invalid parameters in HardwareSkinningShadow.material(29): setting of constant failed
17:33:06: OGRE EXCEPTION(2:InvalidParametersException): Named constants have not been initialised, perhaps a compile error. in GpuProgramParameters::_findNamedConstantDefinition at /home/paulina/dev/ogre_src_v1-8-1/OgreMain/src/OgreGpuProgramParams.cpp (line 1441)
17:33:06: Compiler error: invalid parameters in HardwareSkinningShadow.material(30): setting of constant failed
17:33:06: OGRE EXCEPTION(7:InternalErrorException): Unable to compile Cg program Ogre/RTShader/shadow_caster_skinning_2weight_vs_cg: The compile returned an error.
(41) : warning C7019: "blendWgt" is too large for semantic "BLENDWEIGHT", which is size 1
(44) : error C5041: cannot locate suitable resource to bind parameter "<null atom>"
(44) : error C5041: cannot locate suitable resource to bind parameter "<null atom>"
(44) : error C5041: cannot locate suitable resource to bind parameter "<null atom>"
(44) : error C5041: cannot locate suitable resource to bind parameter "<null atom>"
(44) : error C5041: cannot locate suitable resource to bind parameter "<null atom>"
(44) : error C5041: cannot locate suitable resource to bind parameter "<null atom>"
(44) : error C5041: cannot locate suitable resource to bind parameter "<null atom>"
(44) : error C5041: cannot locate suitable resource to bind parameter "<null atom>"
(44) : error C5041: cannot locate suitable resource to bind parameter "<null atom>"
(44) : error C5041: cannot locate suitable resource to bind parameter "<null atom>"
(44) : error C5041: cannot locate suitable resource to bind parameter "<null atom>"
(44) : error C5041: cannot locate suitable resource to bind parameter "<null atom>"
(44) : error C5041: cannot locate suitable resource to bind parameter "<null atom>"
(44) : error C5041: cannot locate suitable resource to bind parameter "<null atom>"
(44) : error C5041: cannot locate suitable resource to bind parameter "<null atom>"
(44) : error C5041: cannot locate suitable resource to bind parameter "<null atom>"
(44) : error C5041: cannot locate suitable resource to bind parameter "<null atom>"
(44) : error C5041: cannot locate suitable resource to bind parameter "<null atom>"
(44) : error C5041: cannot locate suitable resource to bind parameter "<null atom>"
 in CgProgram::compileMicrocode at /home/paulina/dev/ogre_src_v1-8-1/PlugIns/CgProgramManager/src/OgreCgProgramManagerDll.cpp (line 67)
17:33:06: High-level program Ogre/RTShader/shadow_caster_skinning_2weight_vs_cg encountered an error during loading and is thus not supported.
OGRE EXCEPTION(7:InternalErrorException): Unable to compile Cg program Ogre/RTShader/shadow_caster_skinning_2weight_vs_cg: The compile returned an error.
(41) : warning C7019: "blendWgt" is too large for semantic "BLENDWEIGHT", which is size 1
(44) : error C5041: cannot locate suitable resource to bind parameter "<null atom>"
(44) : error C5041: cannot locate suitable resource to bind parameter "<null atom>"
(44) : error C5041: cannot locate suitable resource to bind parameter "<null atom>"
(44) : error C5041: cannot locate suitable resource to bind parameter "<null atom>"
(44) : error C5041: cannot locate suitable resource to bind parameter "<null atom>"
(44) : error C5041: cannot locate suitable resource to bind parameter "<null atom>"
(44) : error C5041: cannot locate suitable resource to bind parameter "<null atom>"
(44) : error C5041: cannot locate suitable resource to bind parameter "<null atom>"
(44) : error C5041: cannot locate suitable resource to bind parameter "<null atom>"
(44) : error C5041: cannot locate suitable resource to bind parameter "<null atom>"
(44) : error C5041: cannot locate suitable resource to bind parameter "<null atom>"
(44) : error C5041: cannot locate suitable resource to bind parameter "<null atom>"
(44) : error C5041: cannot locate suitable resource to bind parameter "<null atom>"
(44) : error C5041: cannot locate suitable resource to bind parameter "<null atom>"
(44) : error C5041: cannot locate suitable resource to bind parameter "<null atom>"
(44) : error C5041: cannot locate suitable resource to bind parameter "<null atom>"
(44) : error C5041: cannot locate suitable resource to bind parameter "<null atom>"
(44) : error C5041: cannot locate suitable resource to bind parameter "<null atom>"
(44) : error C5041: cannot locate suitable resource to bind parameter "<null atom>"
 in CgProgram::compileMicrocode at /home/paulina/dev/ogre_src_v1-8-1/PlugIns/CgProgramManager/src/OgreCgProgramManagerDll.cpp (line 67)
17:33:06: OGRE EXCEPTION(2:InvalidParametersException): Named constants have not been initialised, perhaps a compile error. in GpuProgramParameters::_findNamedConstantDefinition at /home/paulina/dev/ogre_src_v1-8-1/OgreMain/src/OgreGpuProgramParams.cpp (line 1441)
17:33:06: Compiler error: invalid parameters in HardwareSkinningShadow.material(43): setting of constant failed
17:33:06: OGRE EXCEPTION(2:InvalidParametersException): Named constants have not been initialised, perhaps a compile error. in GpuProgramParameters::_findNamedConstantDefinition at /home/paulina/dev/ogre_src_v1-8-1/OgreMain/src/OgreGpuProgramParams.cpp (line 1441)
17:33:06: Compiler error: invalid parameters in HardwareSkinningShadow.material(44): setting of constant failed
17:33:06: OGRE EXCEPTION(7:InternalErrorException): Unable to compile Cg program Ogre/RTShader/shadow_caster_skinning_3weight_vs: The compile returned an error.
(64) : warning C7019: "blendWgt" is too large for semantic "BLENDWEIGHT", which is size 1
(67) : error C5041: cannot locate suitable resource to bind parameter "<null atom>"
(67) : error C5041: cannot locate suitable resource to bind parameter "<null atom>"
(67) : error C5041: cannot locate suitable resource to bind parameter "<null atom>"
(67) : error C5041: cannot locate suitable resource to bind parameter "<null atom>"
(67) : error C5041: cannot locate suitable resource to bind parameter "<null atom>"
(67) : error C5041: cannot locate suitable resource to bind parameter "<null atom>"
(67) : error C5041: cannot locate suitable resource to bind parameter "<null atom>"
(67) : error C5041: cannot locate suitable resource to bind parameter "<null atom>"
(67) : error C5041: cannot locate suitable resource to bind parameter "<null atom>"
(67) : error C5041: cannot locate suitable resource to bind parameter "<null atom>"
(67) : error C5041: cannot locate suitable resource to bind parameter "<null atom>"
(67) : error C5041: cannot locate suitable resource to bind parameter "<null atom>"
(67) : error C5041: cannot locate suitable resource to bind parameter "<null atom>"
(67) : error C5041: cannot locate suitable resource to bind parameter "<null atom>"
(67) : error C5041: cannot locate suitable resource to bind parameter "<null atom>"
(67) : error C5041: cannot locate suitable resource to bind parameter "<null atom>"
(67) : error C5041: cannot locate suitable resource to bind parameter "<null atom>"
(67) : error C5041: cannot locate suitable resource to bind parameter "<null atom>"
(67) : error C5041: cannot locate suitable resource to bind parameter "<null atom>"
 in CgProgram::compileMicrocode at /home/paulina/dev/ogre_src_v1-8-1/PlugIns/CgProgramManager/src/OgreCgProgramManagerDll.cpp (line 67)
17:33:06: High-level program Ogre/RTShader/shadow_caster_skinning_3weight_vs encountered an error during loading and is thus not supported.
OGRE EXCEPTION(7:InternalErrorException): Unable to compile Cg program Ogre/RTShader/shadow_caster_skinning_3weight_vs: The compile returned an error.
(64) : warning C7019: "blendWgt" is too large for semantic "BLENDWEIGHT", which is size 1
(67) : error C5041: cannot locate suitable resource to bind parameter "<null atom>"
(67) : error C5041: cannot locate suitable resource to bind parameter "<null atom>"
(67) : error C5041: cannot locate suitable resource to bind parameter "<null atom>"
(67) : error C5041: cannot locate suitable resource to bind parameter "<null atom>"
(67) : error C5041: cannot locate suitable resource to bind parameter "<null atom>"
(67) : error C5041: cannot locate suitable resource to bind parameter "<null atom>"
(67) : error C5041: cannot locate suitable resource to bind parameter "<null atom>"
(67) : error C5041: cannot locate suitable resource to bind parameter "<null atom>"
(67) : error C5041: cannot locate suitable resource to bind parameter "<null atom>"
(67) : error C5041: cannot locate suitable resource to bind parameter "<null atom>"
(67) : error C5041: cannot locate suitable resource to bind parameter "<null atom>"
(67) : error C5041: cannot locate suitable resource to bind parameter "<null atom>"
(67) : error C5041: cannot locate suitable resource to bind parameter "<null atom>"
(67) : error C5041: cannot locate suitable resource to bind parameter "<null atom>"
(67) : error C5041: cannot locate suitable resource to bind parameter "<null atom>"
(67) : error C5041: cannot locate suitable resource to bind parameter "<null atom>"
(67) : error C5041: cannot locate suitable resource to bind parameter "<null atom>"
(67) : error C5041: cannot locate suitable resource to bind parameter "<null atom>"
(67) : error C5041: cannot locate suitable resource to bind parameter "<null atom>"
 in CgProgram::compileMicrocode at /home/paulina/dev/ogre_src_v1-8-1/PlugIns/CgProgramManager/src/OgreCgProgramManagerDll.cpp (line 67)
17:33:06: OGRE EXCEPTION(2:InvalidParametersException): Named constants have not been initialised, perhaps a compile error. in GpuProgramParameters::_findNamedConstantDefinition at /home/paulina/dev/ogre_src_v1-8-1/OgreMain/src/OgreGpuProgramParams.cpp (line 1441)
17:33:06: Compiler error: invalid parameters in HardwareSkinningShadow.material(57): setting of constant failed
17:33:06: OGRE EXCEPTION(2:InvalidParametersException): Named constants have not been initialised, perhaps a compile error. in GpuProgramParameters::_findNamedConstantDefinition at /home/paulina/dev/ogre_src_v1-8-1/OgreMain/src/OgreGpuProgramParams.cpp (line 1441)
17:33:06: Compiler error: invalid parameters in HardwareSkinningShadow.material(58): setting of constant failed
17:33:06: OGRE EXCEPTION(7:InternalErrorException): Unable to compile Cg program Ogre/RTShader/shadow_caster_skinning_4weight_vs: The compile returned an error.
(88) : warning C7019: "blendWgt" is too large for semantic "BLENDWEIGHT", which is size 1
(91) : error C5041: cannot locate suitable resource to bind parameter "<null atom>"
(91) : error C5041: cannot locate suitable resource to bind parameter "<null atom>"
(91) : error C5041: cannot locate suitable resource to bind parameter "<null atom>"
(91) : error C5041: cannot locate suitable resource to bind parameter "<null atom>"
(91) : error C5041: cannot locate suitable resource to bind parameter "<null atom>"
(91) : error C5041: cannot locate suitable resource to bind parameter "<null atom>"
(91) : error C5041: cannot locate suitable resource to bind parameter "<null atom>"
(91) : error C5041: cannot locate suitable resource to bind parameter "<null atom>"
(91) : error C5041: cannot locate suitable resource to bind parameter "<null atom>"
(91) : error C5041: cannot locate suitable resource to bind parameter "<null atom>"
(91) : error C5041: cannot locate suitable resource to bind parameter "<null atom>"
(91) : error C5041: cannot locate suitable resource to bind parameter "<null atom>"
(91) : error C5041: cannot locate suitable resource to bind parameter "<null atom>"
(91) : error C5041: cannot locate suitable resource to bind parameter "<null atom>"
(91) : error C5041: cannot locate suitable resource to bind parameter "<null atom>"
(91) : error C5041: cannot locate suitable resource to bind parameter "<null atom>"
(91) : error C5041: cannot locate suitable resource to bind parameter "<null atom>"
(91) : error C5041: cannot locate suitable resource to bind parameter "<null atom>"
(91) : error C5041: cannot locate suitable resource to bind parameter "<null atom>"
 in CgProgram::compileMicrocode at /home/paulina/dev/ogre_src_v1-8-1/PlugIns/CgProgramManager/src/OgreCgProgramManagerDll.cpp (line 67)
17:33:06: High-level program Ogre/RTShader/shadow_caster_skinning_4weight_vs encountered an error during loading and is thus not supported.
OGRE EXCEPTION(7:InternalErrorException): Unable to compile Cg program Ogre/RTShader/shadow_caster_skinning_4weight_vs: The compile returned an error.
(88) : warning C7019: "blendWgt" is too large for semantic "BLENDWEIGHT", which is size 1
(91) : error C5041: cannot locate suitable resource to bind parameter "<null atom>"
(91) : error C5041: cannot locate suitable resource to bind parameter "<null atom>"
(91) : error C5041: cannot locate suitable resource to bind parameter "<null atom>"
(91) : error C5041: cannot locate suitable resource to bind parameter "<null atom>"
(91) : error C5041: cannot locate suitable resource to bind parameter "<null atom>"
(91) : error C5041: cannot locate suitable resource to bind parameter "<null atom>"
(91) : error C5041: cannot locate suitable resource to bind parameter "<null atom>"
(91) : error C5041: cannot locate suitable resource to bind parameter "<null atom>"
(91) : error C5041: cannot locate suitable resource to bind parameter "<null atom>"
(91) : error C5041: cannot locate suitable resource to bind parameter "<null atom>"
(91) : error C5041: cannot locate suitable resource to bind parameter "<null atom>"
(91) : error C5041: cannot locate suitable resource to bind parameter "<null atom>"
(91) : error C5041: cannot locate suitable resource to bind parameter "<null atom>"
(91) : error C5041: cannot locate suitable resource to bind parameter "<null atom>"
(91) : error C5041: cannot locate suitable resource to bind parameter "<null atom>"
(91) : error C5041: cannot locate suitable resource to bind parameter "<null atom>"
(91) : error C5041: cannot locate suitable resource to bind parameter "<null atom>"
(91) : error C5041: cannot locate suitable resource to bind parameter "<null atom>"
(91) : error C5041: cannot locate suitable resource to bind parameter "<null atom>"
 in CgProgram::compileMicrocode at /home/paulina/dev/ogre_src_v1-8-1/PlugIns/CgProgramManager/src/OgreCgProgramManagerDll.cpp (line 67)
17:33:06: OGRE EXCEPTION(2:InvalidParametersException): Named constants have not been initialised, perhaps a compile error. in GpuProgramParameters::_findNamedConstantDefinition at /home/paulina/dev/ogre_src_v1-8-1/OgreMain/src/OgreGpuProgramParams.cpp (line 1441)
17:33:06: Compiler error: invalid parameters in HardwareSkinningShadow.material(72): setting of constant failed
17:33:06: OGRE EXCEPTION(2:InvalidParametersException): Named constants have not been initialised, perhaps a compile error. in GpuProgramParameters::_findNamedConstantDefinition at /home/paulina/dev/ogre_src_v1-8-1/OgreMain/src/OgreGpuProgramParams.cpp (line 1441)
17:33:06: Compiler error: invalid parameters in HardwareSkinningShadow.material(73): setting of constant failed
17:33:06: OGRE EXCEPTION(7:InternalErrorException): Unable to compile Cg program Ogre/RTShader/shadow_receiver_vs: The compile returned an error.
(0) : error C3001: no program defined
 in CgProgram::compileMicrocode at /home/paulina/dev/ogre_src_v1-8-1/PlugIns/CgProgramManager/src/OgreCgProgramManagerDll.cpp (line 67)
17:33:06: High-level program Ogre/RTShader/shadow_receiver_vs encountered an error during loading and is thus not supported.
OGRE EXCEPTION(7:InternalErrorException): Unable to compile Cg program Ogre/RTShader/shadow_receiver_vs: The compile returned an error.
(0) : error C3001: no program defined
 in CgProgram::compileMicrocode at /home/paulina/dev/ogre_src_v1-8-1/PlugIns/CgProgramManager/src/OgreCgProgramManagerDll.cpp (line 67)
17:33:06: OGRE EXCEPTION(2:InvalidParametersException): Named constants have not been initialised, perhaps a compile error. in GpuProgramParameters::_findNamedConstantDefinition at /home/paulina/dev/ogre_src_v1-8-1/OgreMain/src/OgreGpuProgramParams.cpp (line 1441)
17:33:06: Compiler error: invalid parameters in HardwareSkinningShadow.material(206): setting of constant failed
17:33:06: OGRE EXCEPTION(2:InvalidParametersException): Named constants have not been initialised, perhaps a compile error. in GpuProgramParameters::_findNamedConstantDefinition at /home/paulina/dev/ogre_src_v1-8-1/OgreMain/src/OgreGpuProgramParams.cpp (line 1441)
17:33:06: Compiler error: invalid parameters in HardwareSkinningShadow.material(207): setting of constant failed
17:33:06: OGRE EXCEPTION(7:InternalErrorException): Unable to compile Cg program Ogre/RTShader/shadow_receiver_ps: The compile returned an error.
(0) : error C3001: no program defined
 in CgProgram::compileMicrocode at /home/paulina/dev/ogre_src_v1-8-1/PlugIns/CgProgramManager/src/OgreCgProgramManagerDll.cpp (line 67)
17:33:06: High-level program Ogre/RTShader/shadow_receiver_ps encountered an error during loading and is thus not supported.
OGRE EXCEPTION(7:InternalErrorException): Unable to compile Cg program Ogre/RTShader/shadow_receiver_ps: The compile returned an error.
(0) : error C3001: no program defined
 in CgProgram::compileMicrocode at /home/paulina/dev/ogre_src_v1-8-1/PlugIns/CgProgramManager/src/OgreCgProgramManagerDll.cpp (line 67)
17:33:06: OGRE EXCEPTION(2:InvalidParametersException): Named constants have not been initialised, perhaps a compile error. in GpuProgramParameters::_findNamedConstantDefinition at /home/paulina/dev/ogre_src_v1-8-1/OgreMain/src/OgreGpuProgramParams.cpp (line 1441)
17:33:06: Compiler error: invalid parameters in HardwareSkinningShadow.material(219): setting of constant failed
17:33:06: Parsing script DualQuaternionSkinning_Shadow.material
17:33:06: OGRE EXCEPTION(7:InternalErrorException): Unable to compile Cg program Ogre/RTShader/shadow_caster_dq_skinning_1weight_twophase_vs_cg: The compile returned an error.
(227) : warning C7019: "blendWgt" is too large for semantic "BLENDWEIGHT", which is size 1
(0) : error C6007: Constant register limit exceeded; more than 96 constant registers needed to compiled program
(0) : error C6007: Constant register limit exceeded; more than 96 constant registers needed to compiled program
(0) : error C6007: Constant register limit exceeded; more than 96 constant registers needed to compiled program
 in CgProgram::compileMicrocode at /home/paulina/dev/ogre_src_v1-8-1/PlugIns/CgProgramManager/src/OgreCgProgramManagerDll.cpp (line 67)
17:33:06: High-level program Ogre/RTShader/shadow_caster_dq_skinning_1weight_twophase_vs_cg encountered an error during loading and is thus not supported.
OGRE EXCEPTION(7:InternalErrorException): Unable to compile Cg program Ogre/RTShader/shadow_caster_dq_skinning_1weight_twophase_vs_cg: The compile returned an error.
(227) : warning C7019: "blendWgt" is too large for semantic "BLENDWEIGHT", which is size 1
(0) : error C6007: Constant register limit exceeded; more than 96 constant registers needed to compiled program
(0) : error C6007: Constant register limit exceeded; more than 96 constant registers needed to compiled program
(0) : error C6007: Constant register limit exceeded; more than 96 constant registers needed to compiled program
 in CgProgram::compileMicrocode at /home/paulina/dev/ogre_src_v1-8-1/PlugIns/CgProgramManager/src/OgreCgProgramManagerDll.cpp (line 67)
17:33:06: OGRE EXCEPTION(2:InvalidParametersException): Named constants have not been initialised, perhaps a compile error. in GpuProgramParameters::_findNamedConstantDefinition at /home/paulina/dev/ogre_src_v1-8-1/OgreMain/src/OgreGpuProgramParams.cpp (line 1441)
17:33:06: Compiler error: invalid parameters in DualQuaternionSkinning_Shadow.material(208): setting of constant failed
17:33:06: OGRE EXCEPTION(2:InvalidParametersException): Named constants have not been initialised, perhaps a compile error. in GpuProgramParameters::_findNamedConstantDefinition at /home/paulina/dev/ogre_src_v1-8-1/OgreMain/src/OgreGpuProgramParams.cpp (line 1441)
17:33:06: Compiler error: invalid parameters in DualQuaternionSkinning_Shadow.material(209): setting of constant failed
17:33:06: OGRE EXCEPTION(2:InvalidParametersException): Named constants have not been initialised, perhaps a compile error. in GpuProgramParameters::_findNamedConstantDefinition at /home/paulina/dev/ogre_src_v1-8-1/OgreMain/src/OgreGpuProgramParams.cpp (line 1441)
17:33:06: Compiler error: invalid parameters in DualQuaternionSkinning_Shadow.material(210): setting of constant failed
17:33:06: OGRE EXCEPTION(2:InvalidParametersException): Named constants have not been initialised, perhaps a compile error. in GpuProgramParameters::_findNamedConstantDefinition at /home/paulina/dev/ogre_src_v1-8-1/OgreMain/src/OgreGpuProgramParams.cpp (line 1441)
17:33:06: Compiler error: invalid parameters in DualQuaternionSkinning_Shadow.material(211): setting of constant failed
17:33:06: OGRE EXCEPTION(7:InternalErrorException): Unable to compile Cg program Ogre/RTShader/shadow_caster_dq_skinning_2weight_twophase_vs_cg: The compile returned an error.
(261) : warning C7019: "blendWgt" is too large for semantic "BLENDWEIGHT", which is size 1
(0) : error C6007: Constant register limit exceeded; more than 96 constant registers needed to compiled program
(0) : error C6007: Constant register limit exceeded; more than 96 constant registers needed to compiled program
(0) : error C6007: Constant register limit exceeded; more than 96 constant registers needed to compiled program
 in CgProgram::compileMicrocode at /home/paulina/dev/ogre_src_v1-8-1/PlugIns/CgProgramManager/src/OgreCgProgramManagerDll.cpp (line 67)
17:33:06: High-level program Ogre/RTShader/shadow_caster_dq_skinning_2weight_twophase_vs_cg encountered an error during loading and is thus not supported.
OGRE EXCEPTION(7:InternalErrorException): Unable to compile Cg program Ogre/RTShader/shadow_caster_dq_skinning_2weight_twophase_vs_cg: The compile returned an error.
(261) : warning C7019: "blendWgt" is too large for semantic "BLENDWEIGHT", which is size 1
(0) : error C6007: Constant register limit exceeded; more than 96 constant registers needed to compiled program
(0) : error C6007: Constant register limit exceeded; more than 96 constant registers needed to compiled program
(0) : error C6007: Constant register limit exceeded; more than 96 constant registers needed to compiled program
 in CgProgram::compileMicrocode at /home/paulina/dev/ogre_src_v1-8-1/PlugIns/CgProgramManager/src/OgreCgProgramManagerDll.cpp (line 67)
17:33:06: OGRE EXCEPTION(2:InvalidParametersException): Named constants have not been initialised, perhaps a compile error. in GpuProgramParameters::_findNamedConstantDefinition at /home/paulina/dev/ogre_src_v1-8-1/OgreMain/src/OgreGpuProgramParams.cpp (line 1441)
17:33:06: Compiler error: invalid parameters in DualQuaternionSkinning_Shadow.material(225): setting of constant failed
17:33:06: OGRE EXCEPTION(2:InvalidParametersException): Named constants have not been initialised, perhaps a compile error. in GpuProgramParameters::_findNamedConstantDefinition at /home/paulina/dev/ogre_src_v1-8-1/OgreMain/src/OgreGpuProgramParams.cpp (line 1441)
17:33:06: Compiler error: invalid parameters in DualQuaternionSkinning_Shadow.material(226): setting of constant failed
17:33:06: OGRE EXCEPTION(2:InvalidParametersException): Named constants have not been initialised, perhaps a compile error. in GpuProgramParameters::_findNamedConstantDefinition at /home/paulina/dev/ogre_src_v1-8-1/OgreMain/src/OgreGpuProgramParams.cpp (line 1441)
17:33:06: Compiler error: invalid parameters in DualQuaternionSkinning_Shadow.material(227): setting of constant failed
17:33:06: OGRE EXCEPTION(2:InvalidParametersException): Named constants have not been initialised, perhaps a compile error. in GpuProgramParameters::_findNamedConstantDefinition at /home/paulina/dev/ogre_src_v1-8-1/OgreMain/src/OgreGpuProgramParams.cpp (line 1441)
17:33:06: Compiler error: invalid parameters in DualQuaternionSkinning_Shadow.material(228): setting of constant failed
17:33:06: Parsing script RTShaderSystem.material
17:33:06: Compiler error: unknown error in RTShaderSystem.material(23): token "rtshader_system" is not recognized
17:33:06: Compiler error: unknown error in RTShaderSystem.material(52): token "rtshader_system" is not recognized
17:33:06: Compiler error: unknown error in RTShaderSystem.material(81): token "rtshader_system" is not recognized
17:33:06: Compiler error: unknown error in RTShaderSystem.material(110): token "rtshader_system" is not recognized
17:33:06: Compiler error: unknown error in RTShaderSystem.material(146): token "rtshader_system" is not recognized
17:33:06: Compiler error: unknown error in RTShaderSystem.material(81): token "rtshader_system" is not recognized
17:33:06: Compiler error: unknown error in RTShaderSystem.material(162): token "rtshader_system" is not recognized
17:33:06: Compiler error: unknown error in RTShaderSystem.material(81): token "rtshader_system" is not recognized
17:33:06: Compiler error: unknown error in RTShaderSystem.material(110): token "rtshader_system" is not recognized
17:33:06: Compiler error: unknown error in RTShaderSystem.material(211): token "rtshader_system" is not recognized
17:33:06: Parsing script GBuffer.material
17:33:06: Parsing script HorizonBased.material
17:33:06: Parsing script CreaseShading.material
17:33:06: Parsing script ShowViewPos.material
17:33:06: Parsing script HemisphereMC.material
17:33:06: Parsing script UnsharpMask.material
17:33:06: Parsing script Crytek.material
17:33:06: Parsing script ShowNormals.material
17:33:06: Parsing script ShowDepth.material
17:33:06: Parsing script SSAOPost.material
17:33:06: Parsing script Volumetric.material
17:33:06: Parsing script RomanBath.material
17:33:06: Parsing script Sinbad.material
17:33:06: Parsing script emitted_emitter.particle
17:33:06: Parsing script Examples.particle
17:33:06: Parsing script Examples-Water.particle
17:33:06: Parsing script smoke.particle
17:33:06: Parsing script Examples.compositor
17:33:06: Parsing script Stereoscopy.compositor
17:33:06: Parsing script deferred.compositor
17:33:06: Parsing script ssao.compositor
17:33:06: Parsing script SSAO.compositor
17:33:06: Parsing script SSAOPost.compositor
17:33:06: Parsing script sample.fontdef
17:33:06: Finished parsing scripts for resource group Popular
17:33:06: Creating resources for group Popular
17:33:06: All done
17:33:06: Parsing scripts for resource group Tests
17:33:06: Parsing script glow.material
17:33:06: Finished parsing scripts for resource group Tests
17:33:06: Creating resources for group Tests
17:33:06: All done
17:33:06: Terrain created; size=513 minBatch=33 maxBatch=65 treeDepth=4 lodLevels=5 leafLods=2
17:33:06: Texture: clouds.jpg: Loading 1 faces(PF_R8G8B8,256x256x1) with 5 generated mipmaps from Image. Internal format is PF_X8R8G8B8,256x256x1.
17:33:06: *** Initializing OIS ***
17:33:06: Texture: dirt_grayrocky_diffusespecular.dds: Loading 1 faces(PF_A8B8G8R8,1024x1024x1) with 5 generated mipmaps from Image. Internal format is PF_A8R8G8B8,1024x1024x1.
17:33:06: Texture: dirt_grayrocky_normalheight.dds: Loading 1 faces(PF_A8B8G8R8,1024x1024x1) with 5 generated mipmaps from Image. Internal format is PF_A8R8G8B8,1024x1024x1.
17:33:06: Texture: grass_green-01_diffusespecular.dds: Loading 1 faces(PF_A8B8G8R8,1024x1024x1) with 5 generated mipmaps from Image. Internal format is PF_A8R8G8B8,1024x1024x1.
17:33:06: Texture: grass_green-01_normalheight.dds: Loading 1 faces(PF_A8B8G8R8,1024x1024x1) with 5 generated mipmaps from Image. Internal format is PF_A8R8G8B8,1024x1024x1.
17:33:06: Texture: growth_weirdfungus-03_diffusespecular.dds: Loading 1 faces(PF_A8B8G8R8,1024x1024x1) with 5 generated mipmaps from Image. Internal format is PF_A8R8G8B8,1024x1024x1.
17:33:06: Texture: growth_weirdfungus-03_normalheight.dds: Loading 1 faces(PF_A8B8G8R8,1024x1024x1) with 5 generated mipmaps from Image. Internal format is PF_A8R8G8B8,1024x1024x1.
17:33:06: Font SdkTrays/Caption using texture size 512x256
17:33:06: Info: Freetype returned null for character 160 in font SdkTrays/Caption
17:33:06: Texture: SdkTrays/CaptionTexture: Loading 1 faces(PF_BYTE_LA,512x256x1) with 0 generated mipmaps from Image. Internal format is PF_BYTE_LA,512x256x1.
17:33:06: Font SdkTrays/Value using texture size 512x256
17:33:06: Info: Freetype returned null for character 127 in font SdkTrays/Value
17:33:06: Info: Freetype returned null for character 128 in font SdkTrays/Value
17:33:06: Info: Freetype returned null for character 129 in font SdkTrays/Value
17:33:06: Info: Freetype returned null for character 130 in font SdkTrays/Value
17:33:06: Info: Freetype returned null for character 131 in font SdkTrays/Value
17:33:06: Info: Freetype returned null for character 132 in font SdkTrays/Value
17:33:06: Info: Freetype returned null for character 133 in font SdkTrays/Value
17:33:06: Info: Freetype returned null for character 134 in font SdkTrays/Value
17:33:06: Info: Freetype returned null for character 135 in font SdkTrays/Value
17:33:06: Info: Freetype returned null for character 136 in font SdkTrays/Value
17:33:06: Info: Freetype returned null for character 137 in font SdkTrays/Value
17:33:06: Info: Freetype returned null for character 138 in font SdkTrays/Value
17:33:06: Info: Freetype returned null for character 139 in font SdkTrays/Value
17:33:06: Info: Freetype returned null for character 140 in font SdkTrays/Value
17:33:06: Info: Freetype returned null for character 141 in font SdkTrays/Value
17:33:06: Info: Freetype returned null for character 142 in font SdkTrays/Value
17:33:06: Info: Freetype returned null for character 143 in font SdkTrays/Value
17:33:06: Info: Freetype returned null for character 144 in font SdkTrays/Value
17:33:06: Info: Freetype returned null for character 145 in font SdkTrays/Value
17:33:06: Info: Freetype returned null for character 146 in font SdkTrays/Value
17:33:06: Info: Freetype returned null for character 147 in font SdkTrays/Value
17:33:06: Info: Freetype returned null for character 148 in font SdkTrays/Value
17:33:06: Info: Freetype returned null for character 149 in font SdkTrays/Value
17:33:06: Info: Freetype returned null for character 150 in font SdkTrays/Value
17:33:06: Info: Freetype returned null for character 151 in font SdkTrays/Value
17:33:06: Info: Freetype returned null for character 152 in font SdkTrays/Value
17:33:06: Info: Freetype returned null for character 153 in font SdkTrays/Value
17:33:06: Info: Freetype returned null for character 154 in font SdkTrays/Value
17:33:06: Info: Freetype returned null for character 155 in font SdkTrays/Value
17:33:06: Info: Freetype returned null for character 156 in font SdkTrays/Value
17:33:06: Info: Freetype returned null for character 157 in font SdkTrays/Value
17:33:06: Info: Freetype returned null for character 158 in font SdkTrays/Value
17:33:06: Info: Freetype returned null for character 159 in font SdkTrays/Value
17:33:06: Info: Freetype returned null for character 160 in font SdkTrays/Value
17:33:06: Texture: SdkTrays/ValueTexture: Loading 1 faces(PF_BYTE_LA,512x256x1) with 0 generated mipmaps from Image. Internal format is PF_BYTE_LA,512x256x1.
17:33:17: DefaultWorkQueue('Root') shutting down on thread 0x6d0b30.
17:33:17: DefaultWorkQueue('Root')::WorkerFunc - thread 0xa2a4a0 stopped.
17:33:17: DefaultWorkQueue('Root')::WorkerFunc - thread 0xa28c00 stopped.
17:33:17: DefaultWorkQueue('Root')::WorkerFunc - thread 0xa37730 stopped.
17:33:17: DefaultWorkQueue('Root')::WorkerFunc - thread 0xa386b0 stopped.
17:33:17: PCZone Factory Type 'ZoneType_Octree' unregistered
17:33:17: Unregistering ResourceManager for type BspLevel
17:33:17: *-*-* OGRE Shutdown
17:33:17: Unregistering ResourceManager for type Compositor
17:33:17: Unregistering ResourceManager for type Font
17:33:17: Unregistering ResourceManager for type Skeleton
17:33:17: Unregistering ResourceManager for type Mesh
17:33:17: Unregistering ResourceManager for type HighLevelGpuProgram
17:33:17: Uninstalling plugin: Octree Scene Manager
17:33:17: Plugin successfully uninstalled
17:33:17: Unloading library /home/paulina/dev/build/lib/Plugin_OctreeSceneManager
17:33:17: Uninstalling plugin: Octree Zone Factory
17:33:17: Plugin successfully uninstalled
17:33:17: Unloading library /home/paulina/dev/build/lib/Plugin_OctreeZone
17:33:17: Uninstalling plugin: Portal Connected Zone Scene Manager
17:33:17: Plugin successfully uninstalled
17:33:17: Unloading library /home/paulina/dev/build/lib/Plugin_PCZSceneManager
17:33:17: Uninstalling plugin: Cg Program Manager
17:33:17: Plugin successfully uninstalled
17:33:17: Unloading library /home/paulina/dev/build/lib/Plugin_CgProgramManager
17:33:17: Uninstalling plugin: BSP Scene Manager
17:33:17: Plugin successfully uninstalled
17:33:17: Unloading library /home/paulina/dev/build/lib/Plugin_BSPSceneManager
17:33:17: Uninstalling plugin: ParticleFX
17:33:17: Plugin successfully uninstalled
17:33:17: Unloading library /home/paulina/dev/build/lib/Plugin_ParticleFX
17:33:17: Uninstalling plugin: GL RenderSystem
17:33:17: Unregistering ResourceManager for type GpuProgram
17:33:17: ******************************
*** Stopping GLX Subsystem ***
******************************
17:33:17: Unregistering ResourceManager for type Texture
17:33:17: Plugin successfully uninstalled
17:33:17: Unloading library /home/paulina/dev/build/lib/RenderSystem_GL
17:33:17: Unregistering ResourceManager for type Material
